<?xml version="1.0" encoding="UTF-8"?>
<testng-results ignored="0" total="5" passed="5" failed="0" skipped="0">
  <reporter-output>
  </reporter-output>
  <suite started-at="2022-06-11T15:30:44 EDT" name="Default suite" finished-at="2022-06-11T15:31:19 EDT" duration-ms="35421">
    <groups>
    </groups>
    <test started-at="2022-06-11T15:30:44 EDT" name="Default test" finished-at="2022-06-11T15:31:19 EDT" duration-ms="35421">
      <class name="com.test.tests.ApiTestScriptEndToEnd">
        <test-method is-config="true" signature="init()[pri:0, instance:com.test.tests.ApiTestScriptEndToEnd@635eaaf1]" started-at="2022-06-11T15:30:44 EDT" name="init" finished-at="2022-06-11T15:30:44 EDT" duration-ms="252" status="PASS">
          <reporter-output>
          </reporter-output>
        </test-method> <!-- init -->
        <test-method signature="validLogin()[pri:1, instance:com.test.tests.ApiTestScriptEndToEnd@635eaaf1]" started-at="2022-06-11T15:30:44 EDT" name="validLogin" finished-at="2022-06-11T15:30:46 EDT" duration-ms="1989" status="PASS">
          <reporter-output>
          </reporter-output>
        </test-method> <!-- validLogin -->
        <test-method is-config="true" signature="init()[pri:0, instance:com.test.tests.ApiTestScriptEndToEnd@635eaaf1]" started-at="2022-06-11T15:30:46 EDT" name="init" finished-at="2022-06-11T15:30:46 EDT" duration-ms="0" status="PASS">
          <reporter-output>
          </reporter-output>
        </test-method> <!-- init -->
        <test-method signature="readUserDataTestE2E()[pri:2, instance:com.test.tests.ApiTestScriptEndToEnd@635eaaf1]" started-at="2022-06-11T15:30:46 EDT" name="readUserDataTestE2E" finished-at="2022-06-11T15:30:54 EDT" duration-ms="7874" status="PASS">
          <reporter-output>
          </reporter-output>
        </test-method> <!-- readUserDataTestE2E -->
        <test-method is-config="true" signature="init()[pri:0, instance:com.test.tests.ApiTestScriptEndToEnd@635eaaf1]" started-at="2022-06-11T15:30:54 EDT" name="init" finished-at="2022-06-11T15:30:54 EDT" duration-ms="0" status="PASS">
          <reporter-output>
          </reporter-output>
        </test-method> <!-- init -->
        <test-method signature="createUserDataTestE2E()[pri:3, instance:com.test.tests.ApiTestScriptEndToEnd@635eaaf1]" started-at="2022-06-11T15:30:54 EDT" name="createUserDataTestE2E" finished-at="2022-06-11T15:31:02 EDT" duration-ms="8037" status="PASS">
          <reporter-output>
          </reporter-output>
        </test-method> <!-- createUserDataTestE2E -->
        <test-method is-config="true" signature="init()[pri:0, instance:com.test.tests.ApiTestScriptEndToEnd@635eaaf1]" started-at="2022-06-11T15:31:02 EDT" name="init" finished-at="2022-06-11T15:31:02 EDT" duration-ms="0" status="PASS">
          <reporter-output>
          </reporter-output>
        </test-method> <!-- init -->
        <test-method signature="updateUserDataTestE2E()[pri:4, instance:com.test.tests.ApiTestScriptEndToEnd@635eaaf1]" started-at="2022-06-11T15:31:02 EDT" name="updateUserDataTestE2E" finished-at="2022-06-11T15:31:11 EDT" duration-ms="9193" status="PASS">
          <reporter-output>
          </reporter-output>
        </test-method> <!-- updateUserDataTestE2E -->
        <test-method signature="deleteUserDataTestE2E()[pri:5, instance:com.test.tests.ApiTestScriptEndToEnd@635eaaf1]" started-at="2022-06-11T15:31:11 EDT" name="deleteUserDataTestE2E" finished-at="2022-06-11T15:31:19 EDT" duration-ms="8042" status="PASS">
          <reporter-output>
          </reporter-output>
        </test-method> <!-- deleteUserDataTestE2E -->
        <test-method is-config="true" signature="init()[pri:0, instance:com.test.tests.ApiTestScriptEndToEnd@635eaaf1]" started-at="2022-06-11T15:31:11 EDT" name="init" finished-at="2022-06-11T15:31:11 EDT" duration-ms="0" status="PASS">
          <reporter-output>
          </reporter-output>
        </test-method> <!-- init -->
      </class> <!-- com.test.tests.ApiTestScriptEndToEnd -->
    </test> <!-- Default test -->
  </suite> <!-- Default suite -->
</testng-results>
