<?xml version="1.0" encoding="UTF-8"?>
<!-- Generated by org.testng.reporters.JUnitXMLReporter -->
<testsuite ignored="0" hostname="LAPTOP-LFU0PBV8" failures="0" tests="5" name="Default test" time="35.421" errors="0" timestamp="2022-06-11T15:31:19 EDT">
  <testcase classname="com.test.tests.ApiTestScriptEndToEnd" name="validLogin" time="1.989"/>
  <testcase classname="com.test.tests.ApiTestScriptEndToEnd" name="readUserDataTestE2E" time="7.874"/>
  <testcase classname="com.test.tests.ApiTestScriptEndToEnd" name="createUserDataTestE2E" time="8.037"/>
  <testcase classname="com.test.tests.ApiTestScriptEndToEnd" name="updateUserDataTestE2E" time="9.193"/>
  <testcase classname="com.test.tests.ApiTestScriptEndToEnd" name="deleteUserDataTestE2E" time="8.042"/>
</testsuite> <!-- Default test -->
